<?xml version="1.0" encoding="UTF-8"?>
<testsuite xmlns:xsi="http://www.w3.org/2001/XMLSchema-instance" xsi:noNamespaceSchemaLocation="https://maven.apache.org/surefire/maven-surefire-plugin/xsd/surefire-test-report-3.0.xsd" version="3.0" name="com.ducdx.product.ProductApplicationTests" time="0.973" tests="1" errors="1" skipped="0" failures="0">
  <properties>
[...]
</properties>
  <testcase name="" classname="com.ducdx.product.ProductApplicationTests" time="0.973">
    <error type="java.lang.ExceptionInInitializerError"><![CDATA[java.lang.ExceptionInInitializerError
	at java.base/jdk.internal.misc.Unsafe.ensureClassInitialized0(Native Method)
	at java.base/jdk.internal.misc.Unsafe.ensureClassInitialized(Unsafe.java:1160)
	at java.base/java.lang.reflect.Field.acquireOverrideFieldAccessor(Field.java:1184)
	at java.base/java.lang.reflect.Field.getOverrideFieldAccessor(Field.java:1153)
	at java.base/java.lang.reflect.Field.get(Field.java:428)
	at org.testcontainers.junit.jupiter.TestcontainersExtension.getContainerInstance(TestcontainersExtension.java:252)
	at org.testcontainers.junit.jupiter.TestcontainersExtension.lambda$findSharedContainers$10(TestcontainersExtension.java:213)
	at java.base/java.util.stream.ReferencePipeline$3$1.accept(ReferencePipeline.java:197)
	at java.base/java.util.ArrayList$ArrayListSpliterator.forEachRemaining(ArrayList.java:1625)
	at java.base/java.util.stream.AbstractPipeline.copyInto(AbstractPipeline.java:509)
	at java.base/java.util.stream.AbstractPipeline.wrapAndCopyInto(AbstractPipeline.java:499)
	at java.base/java.util.stream.ReduceOps$ReduceOp.evaluateSequential(ReduceOps.java:921)
	at java.base/java.util.stream.AbstractPipeline.evaluate(AbstractPipeline.java:234)
	at java.base/java.util.stream.ReferencePipeline.collect(ReferencePipeline.java:682)
	at org.testcontainers.junit.jupiter.TestcontainersExtension.findSharedContainers(TestcontainersExtension.java:214)
	at org.testcontainers.junit.jupiter.TestcontainersExtension.beforeAll(TestcontainersExtension.java:54)
	at java.base/java.util.ArrayList.forEach(ArrayList.java:1511)
Caused by: java.lang.IllegalStateException: Failed to verify that image 'mongodb::7.0.5' is a compatible substitute for 'mongo'. This generally means that you are trying to use an image that Testcontainers has not been designed to use. If this is deliberate, and if you are confident that the image is compatible, you should declare compatibility in code using the `asCompatibleSubstituteFor` method. For example:
   DockerImageName myImage = DockerImageName.parse("mongodb::7.0.5").asCompatibleSubstituteFor("mongo");
and then use `myImage` instead.
	at org.testcontainers.utility.DockerImageName.assertCompatibleWith(DockerImageName.java:279)
	at org.testcontainers.containers.MongoDBContainer.<init>(MongoDBContainer.java:59)
	at org.testcontainers.containers.MongoDBContainer.<init>(MongoDBContainer.java:54)
	at com.ducdx.product.ProductApplicationTests.<clinit>(ProductApplicationTests.java:15)
	... 17 more
]]></error>
    <system-out><![CDATA[15:57:10.986 [main] INFO org.springframework.test.context.support.AnnotationConfigContextLoaderUtils -- Could not detect default configuration classes for test class [com.ducdx.product.ProductApplicationTests]: ProductApplicationTests does not declare any static, non-private, non-final, nested classes annotated with @Configuration.
15:57:11.189 [main] INFO org.springframework.boot.test.context.SpringBootTestContextBootstrapper -- Found @SpringBootConfiguration com.ducdx.product.ProductApplication for test class com.ducdx.product.ProductApplicationTests
15:57:11.507 [main] INFO org.testcontainers.images.PullPolicy -- Image pull policy will be performed by: DefaultPullPolicy()
15:57:11.515 [main] INFO org.testcontainers.utility.ImageNameSubstitutor -- Image name substitution will be performed by: DefaultImageNameSubstitutor (composite of 'ConfigurationFileImageNameSubstitutor' and 'PrefixingImageNameSubstitutor')
]]></system-out>
  </testcase>
</testsuite>